<?xml version="1.0" encoding="UTF-8"?>
<!-- Generated by org.testng.reporters.JUnitReportReporter -->
<testsuite hostname="RADHEKRISHNA" failures="0" tests="1" name="demoblaze.basics" time="190.740" errors="0" timestamp="16 May 2023 09:16:36 GMT" skipped="0">
  <testcase classname="demoblaze.basics" name="comp" time="190.740"/>
</testsuite> <!-- demoblaze.basics -->
