<?xml version="1.0" encoding="UTF-8"?>
<!-- Generated by org.testng.reporters.JUnitReportReporter -->
<testsuite hostname="RADHEKRISHNA" failures="0" tests="1" name="frame.handling" time="57.536" errors="0" timestamp="27 May 2023 16:07:09 GMT" skipped="0">
  <testcase classname="frame.handling" name="frame" time="57.536"/>
</testsuite> <!-- frame.handling -->
